CRITICAL - 2024-12-17 14:27:40 --> Undefined variable $tituloRedirect
in APPPATH\Views\moradores.php on line 4.
 1 APPPATH\Views\moradores.php(4): CodeIgniter\Debug\Exceptions->errorHandler(2, 'Undefined variable $tituloRedirect', 'APPPATH\\Views\\moradores.php', 4)
 2 SYSTEMPATH\View\View.php(213): include('APPPATH\\Views\\moradores.php')
 3 SYSTEMPATH\View\View.php(216): CodeIgniter\View\View->CodeIgniter\View\{closure}()
 4 SYSTEMPATH\Common.php(1177): CodeIgniter\View\View->render('moradores', [], true)
 5 APPPATH\Controllers\User.php(19): view('moradores', [...])
 6 SYSTEMPATH\CodeIgniter.php(934): App\Controllers\User->index()
 7 SYSTEMPATH\CodeIgniter.php(499): CodeIgniter\CodeIgniter->runController(Object(App\Controllers\User))
 8 SYSTEMPATH\CodeIgniter.php(368): CodeIgniter\CodeIgniter->handleRequest(null, Object(Config\Cache), false)
 9 FCPATH\index.php(67): CodeIgniter\CodeIgniter->run()
CRITICAL - 2024-12-17 14:46:10 --> Undefined variable $link
in APPPATH\Views\user_form.php on line 9.
 1 APPPATH\Views\user_form.php(9): CodeIgniter\Debug\Exceptions->errorHandler(2, 'Undefined variable $link', 'APPPATH\\Views\\user_form.php', 9)
 2 SYSTEMPATH\View\View.php(213): include('APPPATH\\Views\\user_form.php')
 3 SYSTEMPATH\View\View.php(216): CodeIgniter\View\View->CodeIgniter\View\{closure}()
 4 SYSTEMPATH\Common.php(1177): CodeIgniter\View\View->render('user_form', [], true)
 5 APPPATH\Controllers\User.php(79): view('user_form', [...])
 6 SYSTEMPATH\CodeIgniter.php(934): App\Controllers\User->editar('6')
 7 SYSTEMPATH\CodeIgniter.php(499): CodeIgniter\CodeIgniter->runController(Object(App\Controllers\User))
 8 SYSTEMPATH\CodeIgniter.php(368): CodeIgniter\CodeIgniter->handleRequest(null, Object(Config\Cache), false)
 9 FCPATH\index.php(67): CodeIgniter\CodeIgniter->run()
CRITICAL - 2024-12-17 14:48:13 --> Undefined property: stdClass::$rua
in APPPATH\Views\user_form.php on line 34.
 1 APPPATH\Views\user_form.php(34): CodeIgniter\Debug\Exceptions->errorHandler(2, 'Undefined property: stdClass::$rua', 'APPPATH\\Views\\user_form.php', 34)
 2 SYSTEMPATH\View\View.php(213): include('APPPATH\\Views\\user_form.php')
 3 SYSTEMPATH\View\View.php(216): CodeIgniter\View\View->CodeIgniter\View\{closure}()
 4 SYSTEMPATH\Common.php(1177): CodeIgniter\View\View->render('user_form', [], true)
 5 APPPATH\Controllers\User.php(81): view('user_form', [...])
 6 SYSTEMPATH\CodeIgniter.php(934): App\Controllers\User->editar('6')
 7 SYSTEMPATH\CodeIgniter.php(499): CodeIgniter\CodeIgniter->runController(Object(App\Controllers\User))
 8 SYSTEMPATH\CodeIgniter.php(368): CodeIgniter\CodeIgniter->handleRequest(null, Object(Config\Cache), false)
 9 FCPATH\index.php(67): CodeIgniter\CodeIgniter->run()
ERROR - 2024-12-17 14:51:07 --> mysqli_sql_exception: Unknown column 'usuario_id' in 'where clause' in C:\laragon\www\psweb\system\Database\MySQLi\Connection.php:295
Stack trace:
#0 C:\laragon\www\psweb\system\Database\MySQLi\Connection.php(295): mysqli->query('SELECT *\nFROM `...', 0)
#1 C:\laragon\www\psweb\system\Database\BaseConnection.php(691): CodeIgniter\Database\MySQLi\Connection->execute('SELECT *\nFROM `...')
#2 C:\laragon\www\psweb\system\Database\BaseConnection.php(605): CodeIgniter\Database\BaseConnection->simpleQuery('SELECT *\nFROM `...')
#3 C:\laragon\www\psweb\system\Database\BaseBuilder.php(1602): CodeIgniter\Database\BaseConnection->query('SELECT *\nFROM `...', Array, false)
#4 C:\laragon\www\psweb\system\Model.php(267): CodeIgniter\Database\BaseBuilder->get()
#5 C:\laragon\www\psweb\system\BaseModel.php(656): CodeIgniter\Model->doFirst()
#6 C:\laragon\www\psweb\app\Models\EnderecoModel.php(16): CodeIgniter\BaseModel->first()
#7 C:\laragon\www\psweb\app\Controllers\User.php(76): App\Models\EnderecoModel->getEnderecoByUsuarioId('6')
#8 C:\laragon\www\psweb\system\CodeIgniter.php(934): App\Controllers\User->editar('6')
#9 C:\laragon\www\psweb\system\CodeIgniter.php(499): CodeIgniter\CodeIgniter->runController(Object(App\Controllers\User))
#10 C:\laragon\www\psweb\system\CodeIgniter.php(368): CodeIgniter\CodeIgniter->handleRequest(NULL, Object(Config\Cache), false)
#11 C:\laragon\www\psweb\public\index.php(67): CodeIgniter\CodeIgniter->run()
#12 {main}
CRITICAL - 2024-12-17 14:51:07 --> Unknown column 'usuario_id' in 'where clause'
in SYSTEMPATH\Database\BaseConnection.php on line 645.
 1 SYSTEMPATH\Database\BaseBuilder.php(1602): CodeIgniter\Database\BaseConnection->query('SELECT *
FROM `endereco`
WHERE `usuario_id` = :usuario_id:
 LIMIT 1', [...], false)
 2 SYSTEMPATH\Model.php(267): CodeIgniter\Database\BaseBuilder->get()
 3 SYSTEMPATH\BaseModel.php(656): CodeIgniter\Model->doFirst()
 4 APPPATH\Models\EnderecoModel.php(16): CodeIgniter\BaseModel->first()
 5 APPPATH\Controllers\User.php(76): App\Models\EnderecoModel->getEnderecoByUsuarioId('6')
 6 SYSTEMPATH\CodeIgniter.php(934): App\Controllers\User->editar('6')
 7 SYSTEMPATH\CodeIgniter.php(499): CodeIgniter\CodeIgniter->runController(Object(App\Controllers\User))
 8 SYSTEMPATH\CodeIgniter.php(368): CodeIgniter\CodeIgniter->handleRequest(null, Object(Config\Cache), false)
 9 FCPATH\index.php(67): CodeIgniter\CodeIgniter->run()
INFO - 2024-12-17 15:04:11 --> Session: Class initialized using 'CodeIgniter\Session\Handlers\FileHandler' driver.
INFO - 2024-12-17 15:04:28 --> Session: Class initialized using 'CodeIgniter\Session\Handlers\FileHandler' driver.
INFO - 2024-12-17 15:05:21 --> Session: Class initialized using 'CodeIgniter\Session\Handlers\FileHandler' driver.
INFO - 2024-12-17 15:05:51 --> Session: Class initialized using 'CodeIgniter\Session\Handlers\FileHandler' driver.
INFO - 2024-12-17 15:06:02 --> Session: Class initialized using 'CodeIgniter\Session\Handlers\FileHandler' driver.
INFO - 2024-12-17 15:06:15 --> Session: Class initialized using 'CodeIgniter\Session\Handlers\FileHandler' driver.
INFO - 2024-12-17 15:06:45 --> Session: Class initialized using 'CodeIgniter\Session\Handlers\FileHandler' driver.
INFO - 2024-12-17 15:08:07 --> Session: Class initialized using 'CodeIgniter\Session\Handlers\FileHandler' driver.
INFO - 2024-12-17 15:08:47 --> Session: Class initialized using 'CodeIgniter\Session\Handlers\FileHandler' driver.
INFO - 2024-12-17 15:09:03 --> Session: Class initialized using 'CodeIgniter\Session\Handlers\FileHandler' driver.
CRITICAL - 2024-12-17 15:13:37 --> Undefined variable $userData
in APPPATH\Controllers\User.php on line 106.
 1 APPPATH\Controllers\User.php(106): CodeIgniter\Debug\Exceptions->errorHandler(2, 'Undefined variable $userData', 'APPPATH\\Controllers\\User.php', 106)
 2 SYSTEMPATH\CodeIgniter.php(934): App\Controllers\User->editar('6')
 3 SYSTEMPATH\CodeIgniter.php(499): CodeIgniter\CodeIgniter->runController(Object(App\Controllers\User))
 4 SYSTEMPATH\CodeIgniter.php(368): CodeIgniter\CodeIgniter->handleRequest(null, Object(Config\Cache), false)
 5 FCPATH\index.php(67): CodeIgniter\CodeIgniter->run()
INFO - 2024-12-17 15:16:49 --> Session: Class initialized using 'CodeIgniter\Session\Handlers\FileHandler' driver.
INFO - 2024-12-17 15:16:56 --> Session: Class initialized using 'CodeIgniter\Session\Handlers\FileHandler' driver.
INFO - 2024-12-17 15:17:15 --> Session: Class initialized using 'CodeIgniter\Session\Handlers\FileHandler' driver.
