CRITICAL - 2024-12-18 20:08:31 --> Undefined variable $link
in APPPATH\Views\pagamentos.php on line 7.
 1 APPPATH\Views\pagamentos.php(7): CodeIgniter\Debug\Exceptions->errorHandler(2, 'Undefined variable $link', 'APPPATH\\Views\\pagamentos.php', 7)
 2 SYSTEMPATH\View\View.php(213): include('APPPATH\\Views\\pagamentos.php')
 3 SYSTEMPATH\View\View.php(216): CodeIgniter\View\View->CodeIgniter\View\{closure}()
 4 SYSTEMPATH\Common.php(1177): CodeIgniter\View\View->render('pagamentos', [], true)
 5 APPPATH\Controllers\Pagamento.php(31): view('pagamentos', [...])
 6 SYSTEMPATH\CodeIgniter.php(934): App\Controllers\Pagamento->index()
 7 SYSTEMPATH\CodeIgniter.php(499): CodeIgniter\CodeIgniter->runController(Object(App\Controllers\Pagamento))
 8 SYSTEMPATH\CodeIgniter.php(368): CodeIgniter\CodeIgniter->handleRequest(null, Object(Config\Cache), false)
 9 FCPATH\index.php(67): CodeIgniter\CodeIgniter->run()
CRITICAL - 2024-12-18 20:11:38 --> Undefined variable $moradores
in APPPATH\Views\pagamento_form.php on line 13.
 1 APPPATH\Views\pagamento_form.php(13): CodeIgniter\Debug\Exceptions->errorHandler(2, 'Undefined variable $moradores', 'APPPATH\\Views\\pagamento_form.php', 13)
 2 SYSTEMPATH\View\View.php(213): include('APPPATH\\Views\\pagamento_form.php')
 3 SYSTEMPATH\View\View.php(216): CodeIgniter\View\View->CodeIgniter\View\{closure}()
 4 SYSTEMPATH\Common.php(1177): CodeIgniter\View\View->render('pagamento_form', [], true)
 5 APPPATH\Controllers\Pagamento.php(92): view('pagamento_form', [...])
 6 SYSTEMPATH\CodeIgniter.php(934): App\Controllers\Pagamento->editar('3')
 7 SYSTEMPATH\CodeIgniter.php(499): CodeIgniter\CodeIgniter->runController(Object(App\Controllers\Pagamento))
 8 SYSTEMPATH\CodeIgniter.php(368): CodeIgniter\CodeIgniter->handleRequest(null, Object(Config\Cache), false)
 9 FCPATH\index.php(67): CodeIgniter\CodeIgniter->run()
CRITICAL - 2024-12-18 20:31:32 --> Object of class stdClass could not be converted to string
in APPPATH\Controllers\Pagamento.php on line 95.
 1 SYSTEMPATH\CodeIgniter.php(934): App\Controllers\Pagamento->editar('3')
 2 SYSTEMPATH\CodeIgniter.php(499): CodeIgniter\CodeIgniter->runController(Object(App\Controllers\Pagamento))
 3 SYSTEMPATH\CodeIgniter.php(368): CodeIgniter\CodeIgniter->handleRequest(null, Object(Config\Cache), false)
 4 FCPATH\index.php(67): CodeIgniter\CodeIgniter->run()
CRITICAL - 2024-12-18 20:41:50 --> Undefined property: stdClass::$id_morador
in APPPATH\Views\pagamento_form.php on line 18.
 1 APPPATH\Views\pagamento_form.php(18): CodeIgniter\Debug\Exceptions->errorHandler(2, 'Undefined property: stdClass::$id_morador', 'APPPATH\\Views\\pagamento_form.php', 18)
 2 SYSTEMPATH\View\View.php(213): include('APPPATH\\Views\\pagamento_form.php')
 3 SYSTEMPATH\View\View.php(216): CodeIgniter\View\View->CodeIgniter\View\{closure}()
 4 SYSTEMPATH\Common.php(1177): CodeIgniter\View\View->render('pagamento_form', [], true)
 5 APPPATH\Controllers\Pagamento.php(101): view('pagamento_form', [...])
 6 SYSTEMPATH\CodeIgniter.php(934): App\Controllers\Pagamento->editar('2')
 7 SYSTEMPATH\CodeIgniter.php(499): CodeIgniter\CodeIgniter->runController(Object(App\Controllers\Pagamento))
 8 SYSTEMPATH\CodeIgniter.php(368): CodeIgniter\CodeIgniter->handleRequest(null, Object(Config\Cache), false)
 9 FCPATH\index.php(67): CodeIgniter\CodeIgniter->run()
CRITICAL - 2024-12-18 20:43:36 --> Undefined variable $morador
in APPPATH\Views\pagamento_form.php on line 14.
 1 APPPATH\Views\pagamento_form.php(14): CodeIgniter\Debug\Exceptions->errorHandler(2, 'Undefined variable $morador', 'APPPATH\\Views\\pagamento_form.php', 14)
 2 SYSTEMPATH\View\View.php(213): include('APPPATH\\Views\\pagamento_form.php')
 3 SYSTEMPATH\View\View.php(216): CodeIgniter\View\View->CodeIgniter\View\{closure}()
 4 SYSTEMPATH\Common.php(1177): CodeIgniter\View\View->render('pagamento_form', [], true)
 5 APPPATH\Controllers\Pagamento.php(101): view('pagamento_form', [...])
 6 SYSTEMPATH\CodeIgniter.php(934): App\Controllers\Pagamento->editar('11')
 7 SYSTEMPATH\CodeIgniter.php(499): CodeIgniter\CodeIgniter->runController(Object(App\Controllers\Pagamento))
 8 SYSTEMPATH\CodeIgniter.php(368): CodeIgniter\CodeIgniter->handleRequest(null, Object(Config\Cache), false)
 9 FCPATH\index.php(67): CodeIgniter\CodeIgniter->run()
CRITICAL - 2024-12-18 20:45:45 --> Undefined variable $link
in APPPATH\Views\pagamento_form.php on line 9.
 1 APPPATH\Views\pagamento_form.php(9): CodeIgniter\Debug\Exceptions->errorHandler(2, 'Undefined variable $link', 'APPPATH\\Views\\pagamento_form.php', 9)
 2 SYSTEMPATH\View\View.php(213): include('APPPATH\\Views\\pagamento_form.php')
 3 SYSTEMPATH\View\View.php(216): CodeIgniter\View\View->CodeIgniter\View\{closure}()
 4 SYSTEMPATH\Common.php(1177): CodeIgniter\View\View->render('pagamento_form', [], true)
 5 APPPATH\Controllers\Pagamento.php(73): view('pagamento_form', [...])
 6 SYSTEMPATH\CodeIgniter.php(934): App\Controllers\Pagamento->inserir()
 7 SYSTEMPATH\CodeIgniter.php(499): CodeIgniter\CodeIgniter->runController(Object(App\Controllers\Pagamento))
 8 SYSTEMPATH\CodeIgniter.php(368): CodeIgniter\CodeIgniter->handleRequest(null, Object(Config\Cache), false)
 9 FCPATH\index.php(67): CodeIgniter\CodeIgniter->run()
